<?xml version="1.0" encoding="UTF-8"?>
<testng-results ignored="0" total="1" passed="1" failed="0" skipped="0">
  <reporter-output>
  </reporter-output>
  <suite started-at="2022-04-21T21:33:09 IST" name="Default suite" finished-at="2022-04-21T21:34:31 IST" duration-ms="81834">
    <groups>
    </groups>
    <test started-at="2022-04-21T21:33:09 IST" name="Default test" finished-at="2022-04-21T21:34:31 IST" duration-ms="81834">
      <class name="scenarioexecution.ACDdashboard">
        <test-method is-config="true" signature="startTest()[pri:0, instance:scenarioexecution.ACDdashboard@7133da86]" started-at="2022-04-21T21:33:09 IST" name="startTest" finished-at="2022-04-21T21:34:30 IST" duration-ms="81385" status="PASS">
          <reporter-output>
          </reporter-output>
        </test-method> <!-- startTest -->
        <test-method signature="searchCurrentDate()[pri:1, instance:scenarioexecution.ACDdashboard@7133da86]" started-at="2022-04-21T21:34:30 IST" name="searchCurrentDate" finished-at="2022-04-21T21:34:31 IST" duration-ms="388" status="PASS">
          <reporter-output>
          </reporter-output>
        </test-method> <!-- searchCurrentDate -->
      </class> <!-- scenarioexecution.ACDdashboard -->
    </test> <!-- Default test -->
  </suite> <!-- Default suite -->
</testng-results>
