<?xml version="1.0" encoding="UTF-8"?>
<testng-results ignored="0" total="3" passed="3" failed="0" skipped="0">
  <reporter-output>
  </reporter-output>
  <suite started-at="2022-04-18T11:59:46 IST" name="Default suite" finished-at="2022-04-18T13:11:26 IST" duration-ms="4300246">
    <groups>
      <group name="MyAcheck">
        <method signature="ACDScenarioExecution.myAcheckBulkInvite()[pri:3, instance:scenarioExecution.ACDScenarioExecution@4de4b452]" name="myAcheckBulkInvite" class="scenarioExecution.ACDScenarioExecution"/>
        <method signature="ACDScenarioExecution.myAcheckCreateInvite(org.testng.ITestContext)[pri:2, instance:scenarioExecution.ACDScenarioExecution@4de4b452]" name="myAcheckCreateInvite" class="scenarioExecution.ACDScenarioExecution"/>
      </group> <!-- MyAcheck -->
    </groups>
    <test started-at="2022-04-18T11:59:46 IST" name="Default test" finished-at="2022-04-18T13:11:26 IST" duration-ms="4300246">
      <class name="scenarioExecution.ACDScenarioExecution">
        <test-method signature="ACDscript(org.testng.ITestContext)[pri:1, instance:scenarioExecution.ACDScenarioExecution@4de4b452]" started-at="2022-04-18T11:59:46 IST" name="ACDscript" finished-at="2022-04-18T12:53:03 IST" duration-ms="3196806" status="PASS">
          <params>
            <param index="0">
              <value>
                <![CDATA[org.testng.TestRunner@5032714f]]>
              </value>
            </param>
          </params>
          <reporter-output>
          </reporter-output>
        </test-method> <!-- ACDscript -->
        <test-method is-config="true" signature="tearDown()[pri:0, instance:scenarioExecution.ACDScenarioExecution@4de4b452]" started-at="2022-04-18T12:53:03 IST" name="tearDown" finished-at="2022-04-18T12:53:03 IST" duration-ms="1" status="PASS">
          <reporter-output>
          </reporter-output>
        </test-method> <!-- tearDown -->
        <test-method is-config="true" signature="setUp()[pri:0, instance:scenarioExecution.ACDScenarioExecution@4de4b452]" started-at="2022-04-18T12:53:03 IST" name="setUp" finished-at="2022-04-18T12:53:04 IST" duration-ms="747" status="PASS">
          <reporter-output>
          </reporter-output>
        </test-method> <!-- setUp -->
        <test-method signature="myAcheckCreateInvite(org.testng.ITestContext)[pri:2, instance:scenarioExecution.ACDScenarioExecution@4de4b452]" started-at="2022-04-18T12:53:04 IST" name="myAcheckCreateInvite" finished-at="2022-04-18T13:05:55 IST" duration-ms="771275" status="PASS">
          <params>
            <param index="0">
              <value>
                <![CDATA[org.testng.TestRunner@5032714f]]>
              </value>
            </param>
          </params>
          <reporter-output>
          </reporter-output>
        </test-method> <!-- myAcheckCreateInvite -->
        <test-method is-config="true" signature="tearDown()[pri:0, instance:scenarioExecution.ACDScenarioExecution@4de4b452]" started-at="2022-04-18T13:05:55 IST" name="tearDown" finished-at="2022-04-18T13:05:55 IST" duration-ms="0" status="PASS">
          <reporter-output>
          </reporter-output>
        </test-method> <!-- tearDown -->
        <test-method is-config="true" signature="setUp()[pri:0, instance:scenarioExecution.ACDScenarioExecution@4de4b452]" started-at="2022-04-18T13:05:55 IST" name="setUp" finished-at="2022-04-18T13:05:56 IST" duration-ms="746" status="PASS">
          <reporter-output>
          </reporter-output>
        </test-method> <!-- setUp -->
        <test-method signature="myAcheckBulkInvite()[pri:3, instance:scenarioExecution.ACDScenarioExecution@4de4b452]" started-at="2022-04-18T13:05:56 IST" name="myAcheckBulkInvite" finished-at="2022-04-18T13:11:26 IST" duration-ms="330638" status="PASS">
          <reporter-output>
          </reporter-output>
        </test-method> <!-- myAcheckBulkInvite -->
        <test-method is-config="true" signature="tearDown()[pri:0, instance:scenarioExecution.ACDScenarioExecution@4de4b452]" started-at="2022-04-18T13:11:26 IST" name="tearDown" finished-at="2022-04-18T13:11:26 IST" duration-ms="0" status="PASS">
          <reporter-output>
          </reporter-output>
        </test-method> <!-- tearDown -->
      </class> <!-- scenarioExecution.ACDScenarioExecution -->
    </test> <!-- Default test -->
  </suite> <!-- Default suite -->
</testng-results>
