<?xml version="1.0" encoding="UTF-8"?>
<testng-results skipped="0" failed="1" ignored="0" total="1" passed="0">
  <reporter-output>
  </reporter-output>
  <suite name="acd.TestScript" duration-ms="44455" started-at="2022-02-12T04:25:17 IST" finished-at="2022-02-12T04:26:02 IST">
    <groups>
    </groups>
    <test name="Command line test" duration-ms="44455" started-at="2022-02-12T04:25:17 IST" finished-at="2022-02-12T04:26:02 IST">
      <class name="acd.TestScript">
        <test-method status="PASS" signature="startTest()[pri:0, instance:acd.TestScript@887af79]" name="startTest" is-config="true" duration-ms="25341" started-at="2022-02-12T04:25:17 IST" finished-at="2022-02-12T04:25:42 IST">
          <reporter-output>
          </reporter-output>
        </test-method> <!-- startTest -->
        <test-method status="FAIL" signature="basicDetail(java.lang.String,java.lang.String,java.lang.String,java.lang.String,java.lang.String,java.lang.String,java.lang.String,java.lang.String,java.lang.String,java.lang.String,java.lang.String,java.lang.String,java.lang.String,java.lang.String,java.lang.String,java.lang.String,java.lang.String,org.testng.ITestContext)[pri:2, instance:acd.TestScript@887af79]" name="basicDetail" duration-ms="18053" started-at="2022-02-12T04:25:43 IST" data-provider="fetchData" finished-at="2022-02-12T04:26:02 IST">
          <params>
            <param index="0">
              <value>
                <![CDATA[thiruve]]>
              </value>
            </param>
            <param index="1">
              <value>
                <![CDATA[nkha]]>
              </value>
            </param>
            <param index="2">
              <value>
                <![CDATA[danp]]>
              </value>
            </param>
            <param index="3">
              <value>
                <![CDATA[UNITED STATES]]>
              </value>
            </param>
            <param index="4">
              <value>
                <![CDATA[555555555]]>
              </value>
            </param>
            <param index="5">
              <value>
                <![CDATA[555555555]]>
              </value>
            </param>
            <param index="6">
              <value>
                <![CDATA[08091991]]>
              </value>
            </param>
            <param index="7">
              <value>
                <![CDATA[12205]]>
              </value>
            </param>
            <param index="8">
              <value>
                <![CDATA[schoolTest]]>
              </value>
            </param>
            <param index="9">
              <value>
                <![CDATA[NEWYORK]]>
              </value>
            </param>
            <param index="10">
              <value>
                <![CDATA[DC]]>
              </value>
            </param>
            <param index="11">
              <value>
                <![CDATA[UNITED STATES]]>
              </value>
            </param>
            <param index="12">
              <value>
                <![CDATA[PHD]]>
              </value>
            </param>
            <param index="13">
              <value>
                <![CDATA[YES]]>
              </value>
            </param>
            <param index="14">
              <value>
                <![CDATA[02/2009]]>
              </value>
            </param>
            <param index="15">
              <value>
                <![CDATA[1]]>
              </value>
            </param>
            <param index="16">
              <value>
                <![CDATA[For Testing Purpose]]>
              </value>
            </param>
            <param index="17">
              <value>
                <![CDATA[org.testng.TestRunner@14dda234]]>
              </value>
            </param>
          </params>
          <exception class="org.openqa.selenium.WebDriverException">
            <message>
              <![CDATA[chrome not reachable
  (Session info: chrome=98.0.4758.82)
Build info: version: '3.141.59', revision: 'e82be7d358', time: '2018-11-14T08:17:03'
System info: host: 'LAPTOP-E01HO7SE', ip: '192.168.1.3', os.name: 'Windows 10', os.arch: 'amd64', os.version: '10.0', java.version: '1.8.0_202'
Driver info: org.openqa.selenium.chrome.ChromeDriver
Capabilities {acceptInsecureCerts: false, browserName: chrome, browserVersion: 98.0.4758.82, chrome: {chromedriverVersion: 98.0.4758.80 (7f0488e8ba0d8..., userDataDir: C:\Users\thiru\AppData\Loca...}, goog:chromeOptions: {debuggerAddress: localhost:64235}, javascriptEnabled: true, networkConnectionEnabled: false, pageLoadStrategy: normal, platform: WINDOWS, platformName: WINDOWS, proxy: Proxy(), setWindowRect: true, strictFileInteractability: false, timeouts: {implicit: 0, pageLoad: 300000, script: 30000}, unhandledPromptBehavior: dismiss and notify, webauthn:extension:credBlob: true, webauthn:extension:largeBlob: true, webauthn:virtualAuthenticators: true}
Session ID: 7b21ae5b2a6410944a4202a15f030e88
*** Element info: {Using=xpath, value=//*[contains(@id,'lnkAlaCart')]}]]>
            </message>
            <full-stacktrace>
              <![CDATA[org.openqa.selenium.WebDriverException: chrome not reachable
  (Session info: chrome=98.0.4758.82)
Build info: version: '3.141.59', revision: 'e82be7d358', time: '2018-11-14T08:17:03'
System info: host: 'LAPTOP-E01HO7SE', ip: '192.168.1.3', os.name: 'Windows 10', os.arch: 'amd64', os.version: '10.0', java.version: '1.8.0_202'
Driver info: org.openqa.selenium.chrome.ChromeDriver
Capabilities {acceptInsecureCerts: false, browserName: chrome, browserVersion: 98.0.4758.82, chrome: {chromedriverVersion: 98.0.4758.80 (7f0488e8ba0d8..., userDataDir: C:\Users\thiru\AppData\Loca...}, goog:chromeOptions: {debuggerAddress: localhost:64235}, javascriptEnabled: true, networkConnectionEnabled: false, pageLoadStrategy: normal, platform: WINDOWS, platformName: WINDOWS, proxy: Proxy(), setWindowRect: true, strictFileInteractability: false, timeouts: {implicit: 0, pageLoad: 300000, script: 30000}, unhandledPromptBehavior: dismiss and notify, webauthn:extension:credBlob: true, webauthn:extension:largeBlob: true, webauthn:virtualAuthenticators: true}
Session ID: 7b21ae5b2a6410944a4202a15f030e88
*** Element info: {Using=xpath, value=//*[contains(@id,'lnkAlaCart')]}
at sun.reflect.NativeConstructorAccessorImpl.newInstance0(Native Method)
at sun.reflect.NativeConstructorAccessorImpl.newInstance(NativeConstructorAccessorImpl.java:62)
at sun.reflect.DelegatingConstructorAccessorImpl.newInstance(DelegatingConstructorAccessorImpl.java:45)
at java.lang.reflect.Constructor.newInstance(Constructor.java:423)
at org.openqa.selenium.remote.http.W3CHttpResponseCodec.createException(W3CHttpResponseCodec.java:187)
at org.openqa.selenium.remote.http.W3CHttpResponseCodec.decode(W3CHttpResponseCodec.java:122)
at org.openqa.selenium.remote.http.W3CHttpResponseCodec.decode(W3CHttpResponseCodec.java:49)
at org.openqa.selenium.remote.HttpCommandExecutor.execute(HttpCommandExecutor.java:158)
at org.openqa.selenium.remote.service.DriverCommandExecutor.execute(DriverCommandExecutor.java:83)
at org.openqa.selenium.remote.RemoteWebDriver.execute(RemoteWebDriver.java:552)
at org.openqa.selenium.remote.RemoteWebDriver.findElement(RemoteWebDriver.java:323)
at org.openqa.selenium.remote.RemoteWebDriver.findElementByXPath(RemoteWebDriver.java:428)
at org.openqa.selenium.By$ByXPath.findElement(By.java:353)
at org.openqa.selenium.remote.RemoteWebDriver.findElement(RemoteWebDriver.java:315)
at acd.TestScript.basicDetail(TestScript.java:62)
at sun.reflect.NativeMethodAccessorImpl.invoke0(Native Method)
at sun.reflect.NativeMethodAccessorImpl.invoke(NativeMethodAccessorImpl.java:62)
at sun.reflect.DelegatingMethodAccessorImpl.invoke(DelegatingMethodAccessorImpl.java:43)
at java.lang.reflect.Method.invoke(Method.java:498)
at org.testng.internal.MethodInvocationHelper.invokeMethod(MethodInvocationHelper.java:133)
at org.testng.internal.TestInvoker.invokeMethod(TestInvoker.java:598)
at org.testng.internal.TestInvoker.invokeTestMethod(TestInvoker.java:173)
at org.testng.internal.MethodRunner.runInSequence(MethodRunner.java:46)
at org.testng.internal.TestInvoker$MethodInvocationAgent.invoke(TestInvoker.java:824)
at org.testng.internal.TestInvoker.invokeTestMethods(TestInvoker.java:146)
at org.testng.internal.TestMethodWorker.invokeTestMethods(TestMethodWorker.java:146)
at org.testng.internal.TestMethodWorker.run(TestMethodWorker.java:128)
at java.util.ArrayList.forEach(ArrayList.java:1257)
at org.testng.TestRunner.privateRun(TestRunner.java:794)
at org.testng.TestRunner.run(TestRunner.java:596)
at org.testng.SuiteRunner.runTest(SuiteRunner.java:377)
at org.testng.SuiteRunner.runSequentially(SuiteRunner.java:371)
at org.testng.SuiteRunner.privateRun(SuiteRunner.java:332)
at org.testng.SuiteRunner.run(SuiteRunner.java:276)
at org.testng.SuiteRunnerWorker.runSuite(SuiteRunnerWorker.java:53)
at org.testng.SuiteRunnerWorker.run(SuiteRunnerWorker.java:96)
at org.testng.TestNG.runSuitesSequentially(TestNG.java:1212)
at org.testng.TestNG.runSuitesLocally(TestNG.java:1134)
at org.testng.TestNG.runSuites(TestNG.java:1063)
at org.testng.TestNG.run(TestNG.java:1031)
at org.apache.maven.surefire.testng.TestNGExecutor.run(TestNGExecutor.java:77)
at org.apache.maven.surefire.testng.TestNGDirectoryTestSuite.execute(TestNGDirectoryTestSuite.java:110)
at org.apache.maven.surefire.testng.TestNGProvider.invoke(TestNGProvider.java:106)
at sun.reflect.NativeMethodAccessorImpl.invoke0(Native Method)
at sun.reflect.NativeMethodAccessorImpl.invoke(NativeMethodAccessorImpl.java:62)
at sun.reflect.DelegatingMethodAccessorImpl.invoke(DelegatingMethodAccessorImpl.java:43)
at java.lang.reflect.Method.invoke(Method.java:498)
at org.apache.maven.surefire.util.ReflectionUtils.invokeMethodWithArray(ReflectionUtils.java:189)
at org.apache.maven.surefire.booter.ProviderFactory$ProviderProxy.invoke(ProviderFactory.java:165)
at org.apache.maven.surefire.booter.ProviderFactory.invokeProvider(ProviderFactory.java:85)
at org.apache.maven.surefire.booter.ForkedBooter.runSuitesInProcess(ForkedBooter.java:115)
at org.apache.maven.surefire.booter.ForkedBooter.main(ForkedBooter.java:75)
]]>
            </full-stacktrace>
          </exception> <!-- org.openqa.selenium.WebDriverException -->
          <reporter-output>
          </reporter-output>
        </test-method> <!-- basicDetail -->
        <test-method status="PASS" signature="closeBrowser()[pri:0, instance:acd.TestScript@887af79]" name="closeBrowser" is-config="true" duration-ms="1" started-at="2022-02-12T04:26:02 IST" finished-at="2022-02-12T04:26:02 IST">
          <reporter-output>
          </reporter-output>
        </test-method> <!-- closeBrowser -->
      </class> <!-- acd.TestScript -->
    </test> <!-- Command line test -->
  </suite> <!-- acd.TestScript -->
</testng-results>
